2025-01-02 08:45:49,045 - local_storage - INFO - Database initialized successfully.
2025-01-02 08:45:51,544 - local_storage - INFO - MongoDB is connected.
2025-01-02 08:45:51,546 - local_storage - INFO - Fetched all local vehicles.
2025-01-02 08:45:53,568 - local_storage - INFO - MongoDB is connected.
2025-01-02 08:45:53,569 - local_storage - INFO - Fetched all local vehicles.
2025-01-02 08:46:00,956 - local_storage - INFO - MongoDB is connected.
2025-01-02 08:46:00,957 - local_storage - INFO - Fetched all local vehicles.
2025-01-02 08:46:03,375 - local_storage - INFO - MongoDB is connected.
2025-01-02 08:46:03,376 - local_storage - INFO - Fetched all local vehicles.
2025-01-02 08:46:10,885 - local_storage - INFO - MongoDB is connected.
2025-01-02 08:46:10,888 - local_storage - INFO - Fetched all local vehicles.
2025-01-02 08:46:18,355 - local_storage - INFO - MongoDB is connected.
2025-01-02 08:46:18,356 - local_storage - INFO - Fetched all local vehicles.
2025-01-02 08:46:20,277 - local_storage - INFO - MongoDB is connected.
2025-01-02 08:46:20,278 - local_storage - INFO - Fetched all local vehicles.
2025-01-02 08:46:23,694 - local_storage - INFO - MongoDB is connected.
2025-01-02 08:46:23,695 - local_storage - INFO - Fetched all local vehicles.
2025-01-02 08:46:26,925 - local_storage - INFO - MongoDB is connected.
2025-01-02 08:46:26,926 - local_storage - INFO - Fetched all local vehicles.
2025-01-02 08:46:34,196 - local_storage - INFO - MongoDB is connected.
2025-01-02 08:46:34,198 - local_storage - INFO - Fetched all local vehicles.
2025-01-02 08:46:36,964 - local_storage - INFO - MongoDB is connected.
2025-01-02 08:46:36,965 - local_storage - INFO - Fetched all local vehicles.
2025-01-02 08:46:41,233 - local_storage - INFO - MongoDB is connected.
2025-01-02 08:46:41,235 - local_storage - INFO - Fetched all local vehicles.
2025-01-02 08:46:44,836 - local_storage - INFO - MongoDB is connected.
2025-01-02 08:46:44,837 - local_storage - INFO - Fetched all local vehicles.
2025-01-02 08:46:45,268 - __main__ - INFO - \u0110\u0103ng nh\u1eadp thành công.
2025-01-02 08:46:45,843 - local_storage - INFO - MongoDB is connected.
2025-01-02 08:46:45,845 - local_storage - INFO - Fetched all local vehicles.
2025-01-02 08:46:47,050 - local_storage - INFO - MongoDB is connected.
2025-01-02 08:46:47,051 - local_storage - INFO - Fetched all local vehicles.
2025-01-02 08:47:50,151 - local_storage - INFO - MongoDB is connected.
2025-01-02 08:47:50,152 - local_storage - INFO - Fetched all local vehicles.
2025-01-02 08:47:52,449 - local_storage - INFO - MongoDB is connected.
2025-01-02 08:47:52,450 - local_storage - INFO - Fetched all local vehicles.
2025-01-02 08:47:52,848 - local_storage - INFO - MongoDB is connected.
2025-01-02 08:47:52,849 - local_storage - INFO - Fetched all local vehicles.
2025-01-02 08:47:54,916 - local_storage - INFO - MongoDB is connected.
2025-01-02 08:47:54,917 - local_storage - INFO - Fetched all local vehicles.
2025-01-02 08:47:55,998 - local_storage - INFO - MongoDB is connected.
2025-01-02 08:47:55,999 - local_storage - INFO - Fetched all local vehicles.
2025-01-02 08:47:58,157 - local_storage - INFO - MongoDB is connected.
2025-01-02 08:47:58,157 - local_storage - INFO - Fetched all local vehicles.
2025-01-02 08:48:02,147 - local_storage - INFO - MongoDB is connected.
2025-01-02 08:48:02,148 - local_storage - INFO - Fetched all local vehicles.
2025-01-02 08:48:09,265 - local_storage - INFO - MongoDB is connected.
2025-01-02 08:48:09,266 - local_storage - INFO - Fetched all local vehicles.
2025-01-02 08:51:19,257 - local_storage - INFO - Database initialized successfully.
2025-01-02 08:51:20,709 - local_storage - INFO - MongoDB is connected.
2025-01-02 08:51:20,712 - local_storage - INFO - Fetched all local vehicles.
2025-01-02 08:51:21,054 - local_storage - INFO - MongoDB is connected.
2025-01-02 08:51:21,055 - local_storage - INFO - Fetched all local vehicles.
2025-01-02 08:51:38,433 - local_storage - INFO - MongoDB is connected.
2025-01-02 08:51:38,435 - local_storage - INFO - Fetched all local vehicles.
2025-01-02 08:51:39,107 - local_storage - INFO - MongoDB is connected.
2025-01-02 08:51:39,109 - local_storage - INFO - Fetched all local vehicles.
2025-01-02 08:51:39,246 - local_storage - INFO - MongoDB is connected.
2025-01-02 08:51:39,248 - local_storage - INFO - Fetched all local vehicles.
2025-01-02 08:51:41,004 - local_storage - INFO - MongoDB is connected.
2025-01-02 08:51:41,005 - local_storage - INFO - Fetched all local vehicles.
2025-01-02 08:51:41,241 - local_storage - INFO - MongoDB is connected.
2025-01-02 08:51:41,241 - local_storage - INFO - Fetched all local vehicles.
2025-01-02 08:51:44,350 - local_storage - INFO - MongoDB is connected.
2025-01-02 08:51:44,351 - local_storage - INFO - Fetched all local vehicles.
2025-01-02 08:51:44,563 - local_storage - INFO - MongoDB is connected.
2025-01-02 08:51:44,563 - local_storage - INFO - Fetched all local vehicles.
2025-01-02 08:51:46,244 - local_storage - INFO - MongoDB is connected.
2025-01-02 08:51:46,245 - local_storage - INFO - Fetched all local vehicles.
2025-01-02 08:51:47,563 - local_storage - INFO - MongoDB is connected.
2025-01-02 08:51:47,564 - local_storage - INFO - Fetched all local vehicles.
2025-01-02 08:51:50,223 - local_storage - INFO - MongoDB is connected.
2025-01-02 08:51:50,223 - local_storage - INFO - Fetched all local vehicles.
2025-01-02 08:51:52,535 - local_storage - INFO - MongoDB is connected.
2025-01-02 08:51:52,536 - local_storage - INFO - Fetched all local vehicles.
2025-01-02 08:51:53,534 - local_storage - INFO - MongoDB is connected.
2025-01-02 08:51:53,535 - local_storage - INFO - Fetched all local vehicles.
2025-01-02 08:51:53,912 - __main__ - INFO - \u0110\u0103ng nh\u1eadp thành công.
2025-01-02 08:51:54,439 - local_storage - INFO - MongoDB is connected.
2025-01-02 08:51:54,440 - local_storage - INFO - Fetched all local vehicles.
2025-01-02 08:51:54,737 - local_storage - INFO - MongoDB is connected.
2025-01-02 08:51:54,738 - local_storage - INFO - Fetched all local vehicles.
2025-01-02 08:51:59,671 - local_storage - INFO - MongoDB is connected.
2025-01-02 08:51:59,673 - local_storage - INFO - Fetched all local vehicles.
2025-01-02 08:52:00,148 - local_storage - INFO - MongoDB is connected.
2025-01-02 08:52:00,150 - local_storage - INFO - Fetched all local vehicles.
2025-01-02 08:52:00,525 - local_storage - INFO - MongoDB is connected.
2025-01-02 08:52:00,525 - local_storage - INFO - Fetched all local vehicles.
2025-01-02 08:52:03,065 - local_storage - INFO - MongoDB is connected.
2025-01-02 08:52:03,065 - local_storage - INFO - Fetched all local vehicles.
2025-01-02 08:52:06,111 - local_storage - INFO - MongoDB is connected.
2025-01-02 08:52:06,112 - local_storage - INFO - MongoDB is connected.
2025-01-02 08:52:06,113 - local_storage - INFO - Fetched all local vehicles.
2025-01-02 08:52:06,123 - local_storage - INFO - Fetched all local vehicles.
2025-01-02 08:52:09,537 - local_storage - INFO - MongoDB is connected.
2025-01-02 08:52:09,538 - local_storage - INFO - Fetched all local vehicles.
2025-01-02 08:52:21,786 - local_storage - INFO - MongoDB is connected.
2025-01-02 08:52:21,787 - local_storage - INFO - Fetched all local vehicles.
2025-01-02 08:53:31,452 - local_storage - INFO - MongoDB is connected.
2025-01-02 08:53:31,454 - local_storage - INFO - Fetched all local vehicles.
2025-01-02 08:54:08,991 - local_storage - INFO - MongoDB is connected.
2025-01-02 08:54:08,992 - local_storage - INFO - Fetched all local vehicles.
2025-01-02 09:00:01,969 - local_storage - INFO - MongoDB is connected.
2025-01-02 09:00:01,970 - local_storage - INFO - Fetched all local vehicles.
2025-01-02 09:00:43,971 - local_storage - INFO - MongoDB is connected.
2025-01-02 09:00:43,972 - local_storage - INFO - Fetched all local vehicles.
2025-01-02 09:01:57,857 - local_storage - INFO - Database initialized successfully.
2025-01-02 09:02:25,053 - local_storage - INFO - Database initialized successfully.
2025-01-02 09:02:26,463 - local_storage - INFO - MongoDB is connected.
2025-01-02 09:02:26,466 - local_storage - INFO - Fetched all local vehicles.
2025-01-02 09:02:26,795 - local_storage - INFO - MongoDB is connected.
2025-01-02 09:02:26,796 - local_storage - INFO - Fetched all local vehicles.
2025-01-02 09:02:34,711 - local_storage - INFO - MongoDB is connected.
2025-01-02 09:02:34,712 - local_storage - INFO - Fetched all local vehicles.
2025-01-02 09:02:56,975 - local_storage - INFO - MongoDB is connected.
2025-01-02 09:02:56,976 - local_storage - INFO - Fetched all local vehicles.
2025-01-02 09:05:01,829 - local_storage - INFO - Database initialized successfully.
2025-01-02 09:05:05,648 - local_storage - INFO - MongoDB is connected.
2025-01-02 09:05:05,648 - local_storage - INFO - Fetched all local vehicles.
2025-01-02 09:20:03,367 - local_storage - INFO - Database initialized successfully.
2025-01-02 09:20:04,775 - local_storage - INFO - MongoDB is connected.
2025-01-02 09:20:04,778 - local_storage - INFO - Fetched all local vehicles.
2025-01-02 09:20:05,117 - local_storage - INFO - MongoDB is connected.
2025-01-02 09:20:05,117 - local_storage - INFO - Fetched all local vehicles.
2025-01-02 09:20:09,256 - local_storage - INFO - MongoDB is connected.
2025-01-02 09:20:09,257 - local_storage - INFO - Fetched all local vehicles.
2025-01-02 09:20:16,305 - local_storage - INFO - MongoDB is connected.
2025-01-02 09:20:16,305 - local_storage - INFO - Fetched all local vehicles.
2025-01-02 09:24:44,904 - local_storage - INFO - MongoDB is connected.
2025-01-02 09:24:44,905 - local_storage - INFO - Fetched all local vehicles.
2025-01-02 09:41:05,608 - local_storage - INFO - Database initialized successfully.
2025-01-02 09:41:06,991 - local_storage - INFO - MongoDB is connected.
2025-01-02 09:41:06,993 - local_storage - INFO - Fetched all local vehicles.
2025-01-02 09:41:07,541 - local_storage - INFO - MongoDB is connected.
2025-01-02 09:41:07,542 - local_storage - INFO - Fetched all local vehicles.
2025-01-02 09:41:40,670 - local_storage - INFO - MongoDB is connected.
2025-01-02 09:41:40,671 - local_storage - INFO - Fetched all local vehicles.
2025-01-02 09:44:44,452 - local_storage - INFO - MongoDB is connected.
2025-01-02 09:44:44,453 - local_storage - INFO - Fetched all local vehicles.
2025-01-02 09:45:54,128 - local_storage - INFO - MongoDB is connected.
2025-01-02 09:45:54,130 - local_storage - INFO - Fetched all local vehicles.
2025-01-02 09:46:05,601 - local_storage - INFO - MongoDB is connected.
2025-01-02 09:46:05,602 - local_storage - INFO - Fetched all local vehicles.
2025-01-02 09:55:00,152 - local_storage - INFO - Database initialized successfully.
2025-01-02 09:55:01,633 - local_storage - INFO - MongoDB is connected.
2025-01-02 09:55:01,635 - local_storage - INFO - Fetched all local vehicles.
2025-01-02 09:55:02,110 - local_storage - INFO - MongoDB is connected.
2025-01-02 09:55:02,111 - local_storage - INFO - Fetched all local vehicles.
2025-01-02 09:55:06,535 - local_storage - INFO - MongoDB is connected.
2025-01-02 09:55:06,537 - local_storage - INFO - Fetched all local vehicles.
2025-01-02 09:55:25,417 - local_storage - INFO - MongoDB is connected.
2025-01-02 09:55:25,420 - local_storage - INFO - Fetched all local vehicles.
2025-01-02 09:56:21,797 - local_storage - INFO - MongoDB is connected.
2025-01-02 09:56:21,799 - local_storage - INFO - Fetched all local vehicles.
2025-01-02 10:18:27,190 - local_storage - INFO - Database initialized successfully.
2025-01-02 10:18:28,640 - local_storage - INFO - MongoDB is connected.
2025-01-02 10:18:28,642 - local_storage - INFO - Fetched all local vehicles.
2025-01-02 10:18:28,983 - local_storage - INFO - MongoDB is connected.
2025-01-02 10:18:28,983 - local_storage - INFO - Fetched all local vehicles.
2025-01-02 10:18:31,635 - local_storage - INFO - MongoDB is connected.
2025-01-02 10:18:31,636 - local_storage - INFO - Fetched all local vehicles.
2025-01-02 10:18:35,338 - local_storage - INFO - MongoDB is connected.
2025-01-02 10:18:35,338 - local_storage - INFO - Fetched all local vehicles.
2025-01-02 10:19:37,369 - local_storage - INFO - MongoDB is connected.
2025-01-02 10:19:37,372 - local_storage - INFO - Fetched all local vehicles.
2025-01-02 10:20:11,811 - modules.payment - ERROR - Thanh toán th\u1ea5t b\u1ea1i - Th\u1ebb không t\u1ed3n t\u1ea1i: 1234567
2025-01-02 10:20:58,790 - local_storage - INFO - MongoDB is connected.
2025-01-02 10:20:58,792 - local_storage - INFO - Fetched all local vehicles.
2025-01-02 10:21:46,957 - root - ERROR - Thanh toán th\u1ea5t b\u1ea1i - Th\u1ebb h\u1ebft h\u1ea1n: 5555666677778888
2025-01-02 10:22:41,740 - local_storage - INFO - MongoDB is connected.
2025-01-02 10:22:41,741 - local_storage - INFO - Fetched all local vehicles.
2025-01-02 10:22:53,338 - root - ERROR - Thanh toán th\u1ea5t b\u1ea1i - Tài kho\u1ea3n b\u1ecb khóa: 9999888877776666
2025-01-02 10:23:58,872 - local_storage - INFO - MongoDB is connected.
2025-01-02 10:23:58,872 - local_storage - INFO - Fetched all local vehicles.
2025-01-02 10:24:27,396 - modules.payment - INFO - Thanh toán thành công: 1111222233334444 - S\u1ed1 d\u01b0 m\u1edbi: 850.0
2025-01-02 10:24:32,511 - modules.payment - INFO - C\u1eadp nh\u1eadt tr\u1ea1ng thái thanh toán cho booking_id: 6776058b7fc6c975b8c651cd thành paid
2025-01-02 10:24:32,617 - modules.payment - INFO - C\u1eadp nh\u1eadt thành công.
2025-01-02 10:24:32,618 - modules.payment - INFO - Tr\u1ea1ng thái thanh toán c\u1ee7a \u0111\u01a1n hàng 6776058b7fc6c975b8c651cd \u0111ã \u0111\u01b0\u1ee3c c\u1eadp nh\u1eadt thành công.
2025-01-02 10:24:32,793 - local_storage - INFO - MongoDB is connected.
2025-01-02 10:24:32,794 - local_storage - INFO - Fetched all local vehicles.
2025-01-02 10:25:02,595 - local_storage - INFO - MongoDB is connected.
2025-01-02 10:25:02,596 - local_storage - INFO - Fetched all local vehicles.
2025-01-02 10:25:03,222 - local_storage - INFO - MongoDB is connected.
2025-01-02 10:25:03,222 - local_storage - INFO - Fetched all local vehicles.
2025-01-02 10:25:07,219 - local_storage - INFO - MongoDB is connected.
2025-01-02 10:25:07,219 - local_storage - INFO - Fetched all local vehicles.
2025-01-02 10:47:19,990 - local_storage - INFO - MongoDB is connected.
2025-01-02 10:47:19,991 - local_storage - INFO - Fetched all local vehicles.
2025-01-02 10:47:21,286 - local_storage - INFO - MongoDB is connected.
2025-01-02 10:47:21,288 - local_storage - INFO - Fetched all local vehicles.
2025-01-02 10:47:21,503 - local_storage - INFO - MongoDB is connected.
2025-01-02 10:47:21,504 - local_storage - INFO - Fetched all local vehicles.
2025-01-02 10:47:25,369 - local_storage - INFO - MongoDB is connected.
2025-01-02 10:47:25,370 - local_storage - INFO - Fetched all local vehicles.
2025-01-02 10:47:25,592 - local_storage - INFO - MongoDB is connected.
2025-01-02 10:47:25,593 - local_storage - INFO - Fetched all local vehicles.
2025-01-02 10:47:27,265 - local_storage - INFO - MongoDB is connected.
2025-01-02 10:47:27,268 - local_storage - INFO - Fetched all local vehicles.
2025-01-02 10:47:27,371 - local_storage - INFO - MongoDB is connected.
2025-01-02 10:47:27,372 - local_storage - INFO - Fetched all local vehicles.
2025-01-02 10:47:27,745 - __main__ - INFO - \u0110\u0103ng nh\u1eadp thành công.
2025-01-02 10:47:28,269 - local_storage - INFO - MongoDB is connected.
2025-01-02 10:47:28,270 - local_storage - INFO - Fetched all local vehicles.
2025-01-02 10:47:28,998 - local_storage - INFO - MongoDB is connected.
2025-01-02 10:47:28,999 - local_storage - INFO - Fetched all local vehicles.
2025-01-02 10:47:33,658 - local_storage - INFO - MongoDB is connected.
2025-01-02 10:47:33,659 - local_storage - INFO - Fetched all local vehicles.
2025-01-02 10:47:39,370 - local_storage - INFO - MongoDB is connected.
2025-01-02 10:47:39,371 - local_storage - INFO - Fetched all local vehicles.
2025-01-02 10:48:01,473 - local_storage - INFO - MongoDB is connected.
2025-01-02 10:48:01,474 - local_storage - INFO - Fetched all local vehicles.
2025-01-02 10:48:02,887 - local_storage - INFO - MongoDB is connected.
2025-01-02 10:48:02,887 - local_storage - INFO - Fetched all local vehicles.
2025-01-02 10:48:07,770 - local_storage - INFO - MongoDB is connected.
2025-01-02 10:48:07,771 - local_storage - INFO - Fetched all local vehicles.
2025-01-02 10:48:25,866 - local_storage - INFO - MongoDB is connected.
2025-01-02 10:48:25,867 - local_storage - INFO - Fetched all local vehicles.
2025-01-02 10:48:28,431 - local_storage - INFO - MongoDB is connected.
2025-01-02 10:48:28,432 - local_storage - INFO - Fetched all local vehicles.
2025-01-02 10:48:44,811 - local_storage - INFO - MongoDB is connected.
2025-01-02 10:48:44,812 - local_storage - INFO - Fetched all local vehicles.
2025-01-02 10:48:46,240 - local_storage - INFO - MongoDB is connected.
2025-01-02 10:48:46,241 - local_storage - INFO - Fetched all local vehicles.
2025-01-02 10:48:46,487 - local_storage - INFO - MongoDB is connected.
2025-01-02 10:48:46,488 - local_storage - INFO - Fetched all local vehicles.
2025-01-02 10:48:50,671 - local_storage - INFO - MongoDB is connected.
2025-01-02 10:48:50,672 - local_storage - INFO - Fetched all local vehicles.
2025-01-02 10:48:50,992 - local_storage - INFO - MongoDB is connected.
2025-01-02 10:48:50,992 - local_storage - INFO - Fetched all local vehicles.
2025-01-02 10:48:52,246 - local_storage - INFO - MongoDB is connected.
2025-01-02 10:48:52,247 - local_storage - INFO - Fetched all local vehicles.
2025-01-02 10:48:52,343 - local_storage - INFO - MongoDB is connected.
2025-01-02 10:48:52,344 - local_storage - INFO - Fetched all local vehicles.
2025-01-02 10:48:52,740 - __main__ - INFO - \u0110\u0103ng nh\u1eadp thành công.
2025-01-02 10:48:53,286 - local_storage - INFO - MongoDB is connected.
2025-01-02 10:48:53,287 - local_storage - INFO - Fetched all local vehicles.
2025-01-02 10:48:53,463 - local_storage - INFO - MongoDB is connected.
2025-01-02 10:48:53,465 - local_storage - INFO - Fetched all local vehicles.
2025-01-02 10:48:56,804 - local_storage - INFO - MongoDB is connected.
2025-01-02 10:48:56,805 - local_storage - INFO - Fetched all local vehicles.
2025-01-02 10:49:05,791 - local_storage - INFO - MongoDB is connected.
2025-01-02 10:49:05,792 - local_storage - INFO - Fetched all local vehicles.
2025-01-02 10:49:08,063 - local_storage - INFO - MongoDB is connected.
2025-01-02 10:49:08,064 - local_storage - INFO - Fetched all local vehicles.
2025-01-02 10:49:08,303 - local_storage - INFO - MongoDB is connected.
2025-01-02 10:49:08,304 - local_storage - INFO - Fetched all local vehicles.
2025-01-02 13:59:19,915 - local_storage - INFO - Database initialized successfully.
2025-01-02 13:59:21,463 - local_storage - INFO - MongoDB is connected.
2025-01-02 13:59:21,465 - local_storage - INFO - Fetched all local vehicles.
2025-01-02 13:59:21,861 - local_storage - INFO - MongoDB is connected.
2025-01-02 13:59:21,862 - local_storage - INFO - Fetched all local vehicles.
2025-01-02 13:59:29,061 - local_storage - INFO - MongoDB is connected.
2025-01-02 13:59:29,061 - local_storage - INFO - Fetched all local vehicles.
2025-01-02 13:59:30,166 - local_storage - INFO - MongoDB is connected.
2025-01-02 13:59:30,167 - local_storage - INFO - Fetched all local vehicles.
2025-01-02 13:59:30,863 - local_storage - INFO - MongoDB is connected.
2025-01-02 13:59:30,867 - local_storage - INFO - Fetched all local vehicles.
2025-01-02 13:59:31,356 - __main__ - INFO - \u0110\u0103ng nh\u1eadp thành công.
2025-01-02 13:59:31,901 - local_storage - INFO - MongoDB is connected.
2025-01-02 13:59:31,903 - local_storage - INFO - Fetched all local vehicles.
2025-01-02 13:59:32,752 - local_storage - INFO - MongoDB is connected.
2025-01-02 13:59:32,752 - local_storage - INFO - Fetched all local vehicles.
2025-01-02 13:59:36,019 - local_storage - INFO - MongoDB is connected.
2025-01-02 13:59:36,020 - local_storage - INFO - Fetched all local vehicles.
2025-01-02 13:59:49,402 - local_storage - INFO - MongoDB is connected.
2025-01-02 13:59:49,403 - local_storage - INFO - Fetched all local vehicles.
2025-01-02 14:01:37,006 - local_storage - INFO - MongoDB is connected.
2025-01-02 14:01:37,007 - local_storage - INFO - Fetched all local vehicles.
2025-01-02 14:01:37,922 - modules.payment - INFO - Thanh toán thành công: 1111222233334444 - S\u1ed1 d\u01b0 m\u1edbi: 700.0
2025-01-02 14:01:37,923 - modules.payment - INFO - C\u1eadp nh\u1eadt tr\u1ea1ng thái thanh toán cho booking_id: 67763966f69ee0ed1f532e6a thành paid
2025-01-02 14:01:38,041 - modules.payment - INFO - C\u1eadp nh\u1eadt thành công.
2025-01-02 14:01:38,041 - modules.payment - INFO - Tr\u1ea1ng thái thanh toán c\u1ee7a \u0111\u01a1n hàng 67763966f69ee0ed1f532e6a \u0111ã \u0111\u01b0\u1ee3c c\u1eadp nh\u1eadt thành công.
2025-01-02 14:01:40,213 - local_storage - INFO - MongoDB is connected.
2025-01-02 14:01:40,214 - local_storage - INFO - Fetched all local vehicles.
2025-01-02 14:12:40,030 - local_storage - INFO - Database initialized successfully.
2025-01-02 14:12:41,578 - local_storage - INFO - MongoDB is connected.
2025-01-02 14:12:41,581 - local_storage - INFO - Fetched all local vehicles.
2025-01-02 14:12:41,975 - local_storage - INFO - MongoDB is connected.
2025-01-02 14:12:41,976 - local_storage - INFO - Fetched all local vehicles.
2025-01-02 14:12:46,188 - local_storage - INFO - MongoDB is connected.
2025-01-02 14:12:46,189 - local_storage - INFO - Fetched all local vehicles.
2025-01-02 14:12:55,628 - local_storage - INFO - MongoDB is connected.
2025-01-02 14:12:55,629 - local_storage - INFO - Fetched all local vehicles.
2025-01-02 14:13:25,396 - local_storage - INFO - MongoDB is connected.
2025-01-02 14:13:25,397 - local_storage - INFO - Fetched all local vehicles.
2025-01-02 14:13:26,333 - modules.payment - INFO - Thanh toán thành công: 1111222233334444 - S\u1ed1 d\u01b0 m\u1edbi: 580.0
2025-01-02 14:13:26,333 - modules.payment - INFO - C\u1eadp nh\u1eadt tr\u1ea1ng thái thanh toán cho booking_id: 67763c782ed7091216e77a07 thành paid
2025-01-02 14:13:26,464 - modules.payment - INFO - C\u1eadp nh\u1eadt thành công.
2025-01-02 14:13:26,464 - modules.payment - INFO - Tr\u1ea1ng thái thanh toán c\u1ee7a \u0111\u01a1n hàng 67763c782ed7091216e77a07 \u0111ã \u0111\u01b0\u1ee3c c\u1eadp nh\u1eadt thành công.
2025-01-02 14:13:28,642 - local_storage - INFO - MongoDB is connected.
2025-01-02 14:13:28,644 - local_storage - INFO - Fetched all local vehicles.
2025-01-02 14:13:38,143 - local_storage - INFO - MongoDB is connected.
2025-01-02 14:13:38,144 - local_storage - INFO - Fetched all local vehicles.
2025-01-02 14:13:40,286 - local_storage - INFO - MongoDB is connected.
2025-01-02 14:13:40,287 - local_storage - INFO - Fetched all local vehicles.
2025-01-02 14:13:44,094 - local_storage - INFO - MongoDB is connected.
2025-01-02 14:13:44,097 - local_storage - INFO - Fetched all local vehicles.
2025-01-02 14:13:44,683 - local_storage - INFO - MongoDB is connected.
2025-01-02 14:13:44,684 - local_storage - INFO - Fetched all local vehicles.
2025-01-02 14:13:57,609 - local_storage - INFO - MongoDB is connected.
2025-01-02 14:13:57,609 - local_storage - INFO - Fetched all local vehicles.
2025-01-02 14:14:02,787 - local_storage - INFO - MongoDB is connected.
2025-01-02 14:14:02,788 - local_storage - INFO - Fetched all local vehicles.
2025-01-02 14:14:04,454 - local_storage - INFO - MongoDB is connected.
2025-01-02 14:14:04,454 - local_storage - INFO - Fetched all local vehicles.
2025-01-02 14:49:14,686 - local_storage - INFO - MongoDB is connected.
2025-01-02 14:49:14,687 - local_storage - INFO - Fetched all local vehicles.
2025-01-02 14:49:17,131 - local_storage - INFO - MongoDB is connected.
2025-01-02 14:49:17,132 - local_storage - INFO - Fetched all local vehicles.
2025-01-02 14:49:18,758 - local_storage - INFO - MongoDB is connected.
2025-01-02 14:49:18,759 - local_storage - INFO - Fetched all local vehicles.
2025-01-02 14:49:18,985 - local_storage - INFO - MongoDB is connected.
2025-01-02 14:49:18,986 - local_storage - INFO - Fetched all local vehicles.
2025-01-02 14:49:22,025 - local_storage - INFO - MongoDB is connected.
2025-01-02 14:49:22,027 - local_storage - INFO - Fetched all local vehicles.
2025-01-02 14:49:22,274 - local_storage - INFO - MongoDB is connected.
2025-01-02 14:49:22,275 - local_storage - INFO - Fetched all local vehicles.
2025-01-02 14:49:23,625 - local_storage - INFO - MongoDB is connected.
2025-01-02 14:49:23,626 - local_storage - INFO - Fetched all local vehicles.
2025-01-02 14:49:24,339 - local_storage - INFO - MongoDB is connected.
2025-01-02 14:49:24,341 - local_storage - INFO - Fetched all local vehicles.
2025-01-02 14:49:24,756 - __main__ - INFO - \u0110\u0103ng nh\u1eadp thành công.
2025-01-02 14:49:25,305 - local_storage - INFO - MongoDB is connected.
2025-01-02 14:49:25,306 - local_storage - INFO - Fetched all local vehicles.
2025-01-02 14:49:25,466 - local_storage - INFO - MongoDB is connected.
2025-01-02 14:49:25,468 - local_storage - INFO - Fetched all local vehicles.
2025-01-02 14:50:51,675 - local_storage - INFO - MongoDB is connected.
2025-01-02 14:50:51,676 - local_storage - INFO - Fetched all local vehicles.
2025-01-02 14:54:53,716 - local_storage - INFO - MongoDB is connected.
2025-01-02 14:54:53,717 - local_storage - INFO - Fetched all local vehicles.
2025-01-02 14:55:03,337 - local_storage - INFO - MongoDB is connected.
2025-01-02 14:55:03,338 - local_storage - INFO - Fetched all local vehicles.
2025-01-02 15:16:11,478 - local_storage - INFO - Database initialized successfully.
2025-01-02 15:16:13,042 - local_storage - INFO - MongoDB is connected.
2025-01-02 15:16:13,045 - local_storage - INFO - Fetched all local vehicles.
2025-01-02 15:16:13,472 - local_storage - INFO - MongoDB is connected.
2025-01-02 15:16:13,473 - local_storage - INFO - Fetched all local vehicles.
2025-01-02 15:16:16,312 - local_storage - INFO - MongoDB is connected.
2025-01-02 15:16:16,313 - local_storage - INFO - Fetched all local vehicles.
2025-01-02 15:16:17,361 - local_storage - INFO - MongoDB is connected.
2025-01-02 15:16:17,363 - local_storage - INFO - Fetched all local vehicles.
2025-01-02 15:16:17,550 - local_storage - INFO - MongoDB is connected.
2025-01-02 15:16:17,551 - local_storage - INFO - Fetched all local vehicles.
2025-01-02 15:16:21,130 - local_storage - INFO - MongoDB is connected.
2025-01-02 15:16:21,131 - local_storage - INFO - Fetched all local vehicles.
2025-01-02 15:16:21,343 - local_storage - INFO - MongoDB is connected.
2025-01-02 15:16:21,344 - local_storage - INFO - Fetched all local vehicles.
2025-01-02 15:16:22,840 - local_storage - INFO - MongoDB is connected.
2025-01-02 15:16:22,840 - local_storage - INFO - Fetched all local vehicles.
2025-01-02 15:16:23,232 - __main__ - WARNING - \u0110\u0103ng nh\u1eadp th\u1ea5t b\u1ea1i: email ho\u1eb7c m\u1eadt kh\u1ea9u không \u0111úng.
2025-01-02 15:16:25,820 - local_storage - INFO - MongoDB is connected.
2025-01-02 15:16:25,821 - local_storage - INFO - Fetched all local vehicles.
2025-01-02 15:16:39,133 - local_storage - INFO - MongoDB is connected.
2025-01-02 15:16:39,133 - local_storage - INFO - Fetched all local vehicles.
2025-01-02 15:16:40,507 - local_storage - INFO - MongoDB is connected.
2025-01-02 15:16:40,507 - local_storage - INFO - Fetched all local vehicles.
2025-01-02 15:16:44,233 - local_storage - INFO - MongoDB is connected.
2025-01-02 15:16:44,234 - local_storage - INFO - Fetched all local vehicles.
2025-01-02 15:17:02,349 - local_storage - INFO - MongoDB is connected.
2025-01-02 15:17:02,351 - local_storage - INFO - Fetched all local vehicles.
2025-01-02 15:17:02,970 - local_storage - INFO - MongoDB is connected.
2025-01-02 15:17:02,971 - local_storage - INFO - Fetched all local vehicles.
2025-01-02 15:17:06,557 - local_storage - INFO - MongoDB is connected.
2025-01-02 15:17:06,558 - local_storage - INFO - Fetched all local vehicles.
2025-01-02 15:17:08,781 - local_storage - INFO - MongoDB is connected.
2025-01-02 15:17:08,782 - local_storage - INFO - Fetched all local vehicles.
2025-01-02 15:17:24,284 - local_storage - INFO - MongoDB is connected.
2025-01-02 15:17:24,286 - local_storage - INFO - Fetched all local vehicles.
2025-01-02 15:17:24,682 - __main__ - INFO - \u0110\u0103ng nh\u1eadp thành công.
2025-01-02 15:17:25,220 - local_storage - INFO - MongoDB is connected.
2025-01-02 15:17:25,220 - local_storage - INFO - Fetched all local vehicles.
2025-01-02 15:17:26,231 - local_storage - INFO - MongoDB is connected.
2025-01-02 15:17:26,231 - local_storage - INFO - Fetched all local vehicles.
2025-01-02 15:17:30,900 - local_storage - INFO - MongoDB is connected.
2025-01-02 15:17:30,901 - local_storage - INFO - Fetched all local vehicles.
2025-01-02 15:17:32,488 - local_storage - INFO - MongoDB is connected.
2025-01-02 15:17:32,489 - local_storage - INFO - Fetched all local vehicles.
2025-01-02 15:17:32,713 - local_storage - INFO - MongoDB is connected.
2025-01-02 15:17:32,714 - local_storage - INFO - Fetched all local vehicles.
2025-01-02 15:20:17,749 - local_storage - INFO - MongoDB is connected.
2025-01-02 15:20:17,750 - local_storage - INFO - Fetched all local vehicles.
2025-01-02 15:20:17,966 - local_storage - INFO - MongoDB is connected.
2025-01-02 15:20:17,967 - local_storage - INFO - Fetched all local vehicles.
2025-01-02 15:20:19,099 - local_storage - INFO - MongoDB is connected.
2025-01-02 15:20:19,100 - local_storage - INFO - Fetched all local vehicles.
2025-01-02 15:20:19,178 - local_storage - INFO - MongoDB is connected.
2025-01-02 15:20:19,179 - local_storage - INFO - Fetched all local vehicles.
2025-01-02 15:20:19,571 - __main__ - INFO - \u0110\u0103ng nh\u1eadp thành công.
2025-01-02 15:20:20,148 - local_storage - INFO - MongoDB is connected.
2025-01-02 15:20:20,149 - local_storage - INFO - Fetched all local vehicles.
2025-01-02 15:20:20,300 - local_storage - INFO - MongoDB is connected.
2025-01-02 15:20:20,301 - local_storage - INFO - Fetched all local vehicles.
2025-01-02 15:22:53,788 - local_storage - INFO - MongoDB is connected.
2025-01-02 15:22:53,789 - local_storage - INFO - Fetched all local vehicles.
2025-01-02 15:22:55,356 - local_storage - INFO - MongoDB is connected.
2025-01-02 15:22:55,357 - local_storage - INFO - Fetched all local vehicles.
2025-01-02 15:22:55,572 - local_storage - INFO - MongoDB is connected.
2025-01-02 15:22:55,573 - local_storage - INFO - Fetched all local vehicles.
2025-01-02 19:15:49,338 - local_storage - INFO - Database initialized successfully.
2025-01-02 19:15:50,927 - local_storage - INFO - MongoDB is connected.
2025-01-02 19:15:50,929 - local_storage - INFO - Fetched all local vehicles.
2025-01-02 19:15:51,302 - local_storage - INFO - MongoDB is connected.
2025-01-02 19:15:51,302 - local_storage - INFO - Fetched all local vehicles.
2025-01-02 19:15:55,235 - local_storage - INFO - MongoDB is connected.
2025-01-02 19:15:55,235 - local_storage - INFO - Fetched all local vehicles.
2025-01-02 19:15:57,943 - local_storage - INFO - MongoDB is connected.
2025-01-02 19:15:57,944 - local_storage - INFO - Fetched all local vehicles.
2025-01-02 19:15:59,945 - local_storage - INFO - MongoDB is connected.
2025-01-02 19:15:59,946 - local_storage - INFO - Fetched all local vehicles.
2025-01-02 19:16:00,355 - __main__ - INFO - \u0110\u0103ng nh\u1eadp thành công.
2025-01-02 19:16:00,899 - local_storage - INFO - MongoDB is connected.
2025-01-02 19:16:00,900 - local_storage - INFO - Fetched all local vehicles.
2025-01-02 19:16:02,325 - local_storage - INFO - MongoDB is connected.
2025-01-02 19:16:02,327 - local_storage - INFO - Fetched all local vehicles.
2025-01-02 19:16:15,921 - local_storage - INFO - MongoDB is connected.
2025-01-02 19:16:15,921 - local_storage - INFO - Fetched all local vehicles.
2025-01-02 19:16:18,483 - local_storage - INFO - MongoDB is connected.
2025-01-02 19:16:18,484 - local_storage - INFO - Fetched all local vehicles.
2025-01-02 19:16:21,974 - local_storage - INFO - MongoDB is connected.
2025-01-02 19:16:21,975 - local_storage - INFO - Fetched all local vehicles.
2025-01-02 19:16:36,020 - local_storage - INFO - MongoDB is connected.
2025-01-02 19:16:36,021 - local_storage - INFO - Fetched all local vehicles.
2025-01-02 19:16:38,714 - local_storage - INFO - MongoDB is connected.
2025-01-02 19:16:38,715 - local_storage - INFO - Fetched all local vehicles.
2025-01-02 19:17:09,040 - local_storage - INFO - MongoDB is connected.
2025-01-02 19:17:09,041 - local_storage - INFO - Fetched all local vehicles.
2025-01-02 19:17:10,726 - local_storage - INFO - MongoDB is connected.
2025-01-02 19:17:10,727 - local_storage - INFO - Fetched all local vehicles.
2025-01-02 19:17:10,979 - local_storage - INFO - MongoDB is connected.
2025-01-02 19:17:10,980 - local_storage - INFO - Fetched all local vehicles.
2025-01-02 19:17:58,501 - local_storage - INFO - Database initialized successfully.
2025-01-02 19:18:00,016 - local_storage - INFO - MongoDB is connected.
2025-01-02 19:18:00,020 - local_storage - INFO - Fetched all local vehicles.
2025-01-02 19:18:00,364 - local_storage - INFO - MongoDB is connected.
2025-01-02 19:18:00,365 - local_storage - INFO - Fetched all local vehicles.
2025-01-02 19:18:04,656 - local_storage - INFO - MongoDB is connected.
2025-01-02 19:18:04,656 - local_storage - INFO - Fetched all local vehicles.
2025-01-02 19:18:06,285 - local_storage - INFO - MongoDB is connected.
2025-01-02 19:18:06,287 - local_storage - INFO - Fetched all local vehicles.
2025-01-02 19:18:07,246 - local_storage - INFO - MongoDB is connected.
2025-01-02 19:18:07,247 - local_storage - INFO - Fetched all local vehicles.
2025-01-02 19:18:07,661 - __main__ - INFO - \u0110\u0103ng nh\u1eadp thành công.
2025-01-02 19:18:08,168 - local_storage - INFO - MongoDB is connected.
2025-01-02 19:18:08,169 - local_storage - INFO - Fetched all local vehicles.
2025-01-02 19:18:09,025 - local_storage - INFO - MongoDB is connected.
2025-01-02 19:18:09,026 - local_storage - INFO - Fetched all local vehicles.
2025-01-02 19:18:13,187 - local_storage - INFO - MongoDB is connected.
2025-01-02 19:18:13,187 - local_storage - INFO - Fetched all local vehicles.
2025-01-02 19:18:15,085 - local_storage - INFO - MongoDB is connected.
2025-01-02 19:18:15,086 - local_storage - INFO - Fetched all local vehicles.
2025-01-02 19:18:17,021 - local_storage - INFO - MongoDB is connected.
2025-01-02 19:18:17,022 - local_storage - INFO - Fetched all local vehicles.
2025-01-02 19:18:24,384 - local_storage - INFO - MongoDB is connected.
2025-01-02 19:18:24,385 - local_storage - INFO - Fetched all local vehicles.
2025-01-02 19:18:30,479 - local_storage - INFO - MongoDB is connected.
2025-01-02 19:18:30,480 - local_storage - INFO - Fetched all local vehicles.
2025-01-02 19:18:39,613 - local_storage - INFO - MongoDB is connected.
2025-01-02 19:18:39,613 - local_storage - INFO - Fetched all local vehicles.
2025-01-02 19:18:41,554 - local_storage - INFO - MongoDB is connected.
2025-01-02 19:18:41,554 - local_storage - INFO - Fetched all local vehicles.
2025-01-02 19:19:15,277 - local_storage - INFO - MongoDB is connected.
2025-01-02 19:19:15,278 - local_storage - INFO - Fetched all local vehicles.
2025-01-02 19:19:20,051 - local_storage - INFO - MongoDB is connected.
2025-01-02 19:19:20,052 - local_storage - INFO - Fetched all local vehicles.
2025-01-02 19:19:20,755 - local_storage - INFO - MongoDB is connected.
2025-01-02 19:19:20,755 - local_storage - INFO - Fetched all local vehicles.
2025-01-02 19:19:23,601 - local_storage - INFO - MongoDB is connected.
2025-01-02 19:19:23,601 - local_storage - INFO - Fetched all local vehicles.
2025-01-02 19:19:26,252 - local_storage - INFO - MongoDB is connected.
2025-01-02 19:19:26,253 - local_storage - INFO - Fetched all local vehicles.
2025-01-02 19:19:31,329 - local_storage - INFO - MongoDB is connected.
2025-01-02 19:19:31,330 - local_storage - INFO - Fetched all local vehicles.
2025-01-02 19:29:58,547 - local_storage - INFO - MongoDB is connected.
2025-01-02 19:29:58,548 - local_storage - INFO - Fetched all local vehicles.
2025-01-02 19:30:00,648 - local_storage - INFO - MongoDB is connected.
2025-01-02 19:30:00,650 - local_storage - INFO - Fetched all local vehicles.
2025-01-02 19:30:00,914 - local_storage - INFO - MongoDB is connected.
2025-01-02 19:30:00,915 - local_storage - INFO - Fetched all local vehicles.
2025-01-02 19:30:03,819 - local_storage - INFO - MongoDB is connected.
2025-01-02 19:30:03,819 - local_storage - INFO - Fetched all local vehicles.
2025-01-02 19:30:04,046 - local_storage - INFO - MongoDB is connected.
2025-01-02 19:30:04,047 - local_storage - INFO - Fetched all local vehicles.
2025-01-02 19:30:05,691 - local_storage - INFO - MongoDB is connected.
2025-01-02 19:30:05,692 - local_storage - INFO - Fetched all local vehicles.
2025-01-02 19:30:06,454 - local_storage - INFO - MongoDB is connected.
2025-01-02 19:30:06,456 - local_storage - INFO - Fetched all local vehicles.
2025-01-02 19:30:06,904 - __main__ - WARNING - \u0110\u0103ng nh\u1eadp th\u1ea5t b\u1ea1i: email ho\u1eb7c m\u1eadt kh\u1ea9u không \u0111úng.
2025-01-02 19:30:12,132 - local_storage - INFO - MongoDB is connected.
2025-01-02 19:30:12,133 - local_storage - INFO - Fetched all local vehicles.
2025-01-02 19:30:19,310 - local_storage - INFO - MongoDB is connected.
2025-01-02 19:30:19,311 - local_storage - INFO - Fetched all local vehicles.
2025-01-02 19:30:27,763 - local_storage - INFO - MongoDB is connected.
2025-01-02 19:30:27,764 - local_storage - INFO - Fetched all local vehicles.
2025-01-02 19:30:28,834 - local_storage - INFO - MongoDB is connected.
2025-01-02 19:30:28,835 - local_storage - INFO - Fetched all local vehicles.
2025-01-02 19:30:29,217 - __main__ - INFO - \u0110\u0103ng nh\u1eadp thành công.
2025-01-02 19:30:29,732 - local_storage - INFO - MongoDB is connected.
2025-01-02 19:30:29,733 - local_storage - INFO - Fetched all local vehicles.
2025-01-02 19:30:30,335 - local_storage - INFO - MongoDB is connected.
2025-01-02 19:30:30,336 - local_storage - INFO - Fetched all local vehicles.
2025-01-02 19:30:37,236 - local_storage - INFO - MongoDB is connected.
2025-01-02 19:30:37,237 - local_storage - INFO - Fetched all local vehicles.
2025-01-02 19:30:59,507 - local_storage - INFO - MongoDB is connected.
2025-01-02 19:30:59,508 - local_storage - INFO - Fetched all local vehicles.
2025-01-02 19:31:07,846 - local_storage - INFO - MongoDB is connected.
2025-01-02 19:31:07,848 - local_storage - INFO - Fetched all local vehicles.
2025-01-02 19:31:19,106 - local_storage - INFO - MongoDB is connected.
2025-01-02 19:31:19,107 - local_storage - INFO - Fetched all local vehicles.
2025-01-02 19:31:43,194 - local_storage - INFO - MongoDB is connected.
2025-01-02 19:31:43,195 - local_storage - INFO - Fetched all local vehicles.
2025-01-02 19:31:47,477 - local_storage - INFO - MongoDB is connected.
2025-01-02 19:31:47,478 - local_storage - INFO - Fetched all local vehicles.
2025-01-02 19:32:24,340 - local_storage - INFO - MongoDB is connected.
2025-01-02 19:32:24,341 - local_storage - INFO - Fetched all local vehicles.
2025-01-02 19:32:32,234 - local_storage - INFO - MongoDB is connected.
2025-01-02 19:32:32,235 - local_storage - INFO - Fetched all local vehicles.
2025-01-02 19:32:36,236 - local_storage - INFO - MongoDB is connected.
2025-01-02 19:32:36,237 - local_storage - INFO - Fetched all local vehicles.
2025-01-02 19:34:07,254 - local_storage - INFO - MongoDB is connected.
2025-01-02 19:34:07,256 - local_storage - INFO - Fetched all local vehicles.
2025-01-02 19:34:15,435 - local_storage - INFO - MongoDB is connected.
2025-01-02 19:34:15,436 - local_storage - INFO - Fetched all local vehicles.
2025-01-02 19:34:19,665 - local_storage - INFO - MongoDB is connected.
2025-01-02 19:34:19,667 - local_storage - INFO - Fetched all local vehicles.
2025-01-02 20:35:58,533 - local_storage - INFO - Database initialized successfully.
2025-01-02 20:36:02,308 - local_storage - INFO - MongoDB is connected.
2025-01-02 20:36:03,426 - local_storage - INFO - Fetched all local vehicles.
2025-01-02 20:36:03,780 - local_storage - INFO - MongoDB is connected.
2025-01-02 20:36:05,338 - local_storage - INFO - Fetched all local vehicles.
2025-01-02 20:36:16,029 - local_storage - INFO - MongoDB is connected.
2025-01-02 20:36:17,278 - local_storage - INFO - Fetched all local vehicles.
2025-01-02 20:36:18,714 - local_storage - INFO - MongoDB is connected.
2025-01-02 20:36:19,640 - local_storage - INFO - Fetched all local vehicles.
2025-01-02 20:36:19,913 - local_storage - INFO - MongoDB is connected.
2025-01-02 20:36:20,819 - local_storage - INFO - Fetched all local vehicles.
2025-01-02 20:39:47,391 - local_storage - INFO - Database initialized successfully.
2025-01-02 20:39:49,506 - local_storage - INFO - MongoDB is connected.
2025-01-02 20:39:50,829 - local_storage - INFO - Fetched all local vehicles.
2025-01-02 20:39:51,512 - local_storage - INFO - MongoDB is connected.
2025-01-02 20:39:51,631 - local_storage - INFO - Fetched all local vehicles.
2025-01-02 20:40:38,518 - local_storage - INFO - Database initialized successfully.
2025-01-02 20:40:41,024 - local_storage - INFO - MongoDB is connected.
2025-01-02 20:40:41,159 - local_storage - INFO - Fetched all local vehicles.
2025-01-02 20:40:41,552 - local_storage - INFO - MongoDB is connected.
2025-01-02 20:40:41,979 - local_storage - INFO - Fetched all local vehicles.
2025-01-02 20:41:25,060 - local_storage - INFO - MongoDB is connected.
2025-01-02 20:42:25,714 - local_storage - INFO - Database initialized successfully.
2025-01-02 20:42:27,663 - local_storage - INFO - MongoDB is connected.
2025-01-02 20:42:28,624 - __main__ - INFO - \u0110ã t\u1ea1o b\u1ea3ng payment_cards và thêm d\u1eef li\u1ec7u m\u1eabu.
2025-01-02 20:42:28,625 - local_storage - INFO - Fetched all local vehicles.
2025-01-02 20:42:29,077 - local_storage - INFO - MongoDB is connected.
2025-01-02 20:42:29,201 - local_storage - INFO - Fetched all local vehicles.
2025-01-02 20:42:51,299 - local_storage - INFO - MongoDB is connected.
2025-01-02 20:42:51,412 - local_storage - INFO - Fetched all local vehicles.
2025-01-02 20:42:53,467 - local_storage - INFO - MongoDB is connected.
2025-01-02 20:42:53,579 - local_storage - INFO - Fetched all local vehicles.
2025-01-02 20:47:46,371 - local_storage - INFO - Database initialized successfully.
2025-01-02 20:47:49,454 - local_storage - INFO - MongoDB is connected.
2025-01-02 20:47:49,456 - local_storage - INFO - Fetched all local vehicles.
2025-01-02 20:47:49,853 - local_storage - INFO - MongoDB is connected.
2025-01-02 20:47:49,853 - local_storage - INFO - Fetched all local vehicles.
2025-01-02 20:47:57,412 - local_storage - INFO - MongoDB is connected.
2025-01-02 20:47:57,413 - local_storage - INFO - Fetched all local vehicles.
2025-01-02 20:48:01,531 - local_storage - INFO - MongoDB is connected.
2025-01-02 20:48:01,533 - local_storage - INFO - Fetched all local vehicles.
2025-01-02 20:48:04,669 - local_storage - INFO - MongoDB is connected.
2025-01-02 20:48:04,672 - local_storage - INFO - Fetched all local vehicles.
2025-01-02 20:48:05,060 - __main__ - INFO - \u0110\u0103ng nh\u1eadp thành công.
2025-01-02 20:48:05,593 - local_storage - INFO - MongoDB is connected.
2025-01-02 20:48:05,594 - local_storage - INFO - Fetched all local vehicles.
2025-01-02 20:48:06,732 - local_storage - INFO - MongoDB is connected.
2025-01-02 20:48:06,733 - local_storage - INFO - Fetched all local vehicles.
2025-01-02 20:48:18,682 - local_storage - INFO - MongoDB is connected.
2025-01-02 20:48:18,683 - local_storage - INFO - Fetched all local vehicles.
2025-01-02 20:48:21,397 - local_storage - INFO - MongoDB is connected.
2025-01-02 20:48:21,398 - local_storage - INFO - Fetched all local vehicles.
2025-01-02 20:48:25,283 - local_storage - INFO - MongoDB is connected.
2025-01-02 20:48:25,284 - local_storage - INFO - Fetched all local vehicles.
2025-01-02 20:48:31,936 - local_storage - INFO - MongoDB is connected.
2025-01-02 20:48:31,936 - local_storage - INFO - Fetched all local vehicles.
2025-01-02 20:48:35,331 - local_storage - INFO - MongoDB is connected.
2025-01-02 20:48:35,331 - local_storage - INFO - Fetched all local vehicles.
2025-01-02 20:48:38,533 - local_storage - INFO - MongoDB is connected.
2025-01-02 20:48:38,533 - local_storage - INFO - Fetched all local vehicles.
2025-01-02 20:48:38,782 - local_storage - INFO - MongoDB is connected.
2025-01-02 20:48:38,782 - local_storage - INFO - Fetched all local vehicles.
2025-01-02 20:48:41,600 - local_storage - INFO - MongoDB is connected.
2025-01-02 20:48:41,601 - local_storage - INFO - Fetched all local vehicles.
2025-01-02 20:48:41,843 - local_storage - INFO - MongoDB is connected.
2025-01-02 20:48:41,844 - local_storage - INFO - Fetched all local vehicles.
2025-01-02 20:50:24,798 - local_storage - INFO - Database initialized successfully.
2025-01-02 20:50:27,757 - local_storage - INFO - MongoDB is connected.
2025-01-02 20:50:27,759 - local_storage - INFO - Fetched all local vehicles.
2025-01-02 20:50:28,163 - local_storage - INFO - MongoDB is connected.
2025-01-02 20:50:28,164 - local_storage - INFO - Fetched all local vehicles.
2025-01-02 20:53:02,791 - local_storage - INFO - MongoDB is connected.
2025-01-02 20:53:02,791 - local_storage - INFO - Fetched all local vehicles.
2025-01-02 20:53:10,221 - local_storage - INFO - MongoDB is connected.
2025-01-02 20:53:10,222 - local_storage - INFO - Fetched all local vehicles.
2025-01-02 20:53:14,003 - local_storage - INFO - MongoDB is connected.
2025-01-02 20:53:14,003 - local_storage - INFO - Fetched all local vehicles.
2025-01-02 20:53:16,953 - local_storage - INFO - MongoDB is connected.
2025-01-02 20:53:16,954 - local_storage - INFO - Fetched all local vehicles.
2025-01-02 20:53:22,872 - local_storage - INFO - MongoDB is connected.
2025-01-02 20:53:22,873 - local_storage - INFO - Fetched all local vehicles.
2025-01-02 20:53:26,559 - local_storage - INFO - MongoDB is connected.
2025-01-02 20:53:26,559 - local_storage - INFO - Fetched all local vehicles.
2025-01-02 20:53:33,031 - local_storage - INFO - MongoDB is connected.
2025-01-02 20:53:33,032 - local_storage - INFO - Fetched all local vehicles.
2025-01-02 20:53:40,564 - local_storage - INFO - MongoDB is connected.
2025-01-02 20:53:40,565 - local_storage - INFO - Fetched all local vehicles.
2025-01-02 20:53:42,151 - local_storage - INFO - MongoDB is connected.
2025-01-02 20:53:42,151 - local_storage - INFO - Fetched all local vehicles.
2025-01-02 20:54:05,683 - local_storage - INFO - MongoDB is connected.
2025-01-02 20:54:05,684 - local_storage - INFO - Fetched all local vehicles.
2025-01-02 20:54:07,515 - local_storage - INFO - MongoDB is connected.
2025-01-02 20:54:07,517 - local_storage - INFO - Fetched all local vehicles.
2025-01-02 20:54:11,594 - local_storage - INFO - MongoDB is connected.
2025-01-02 20:54:11,595 - local_storage - INFO - Fetched all local vehicles.
2025-01-02 20:54:20,277 - local_storage - INFO - MongoDB is connected.
2025-01-02 20:54:20,278 - local_storage - INFO - Fetched all local vehicles.
2025-01-02 20:54:20,652 - __main__ - INFO - \u0110\u0103ng nh\u1eadp thành công.
2025-01-02 20:54:21,186 - local_storage - INFO - MongoDB is connected.
2025-01-02 20:54:21,187 - local_storage - INFO - Fetched all local vehicles.
2025-01-02 20:54:22,084 - local_storage - INFO - MongoDB is connected.
2025-01-02 20:54:22,085 - local_storage - INFO - Fetched all local vehicles.
2025-01-02 20:56:19,937 - local_storage - INFO - MongoDB is connected.
2025-01-02 20:56:19,940 - local_storage - INFO - Fetched all local vehicles.
2025-01-02 20:59:26,999 - local_storage - INFO - Database initialized successfully.
2025-01-02 20:59:28,801 - local_storage - INFO - MongoDB is connected.
2025-01-02 20:59:28,804 - local_storage - INFO - Fetched all local vehicles.
2025-01-02 20:59:29,489 - local_storage - INFO - MongoDB is connected.
2025-01-02 20:59:29,492 - local_storage - INFO - Fetched all local vehicles.
2025-01-02 20:59:37,382 - local_storage - INFO - MongoDB is connected.
2025-01-02 20:59:37,383 - local_storage - INFO - Fetched all local vehicles.
2025-01-02 20:59:40,762 - local_storage - INFO - MongoDB is connected.
2025-01-02 20:59:40,762 - local_storage - INFO - Fetched all local vehicles.
2025-01-02 21:00:01,431 - local_storage - INFO - MongoDB is connected.
2025-01-02 21:00:01,432 - local_storage - INFO - Fetched all local vehicles.
2025-01-02 21:00:03,454 - local_storage - INFO - MongoDB is connected.
2025-01-02 21:00:03,455 - local_storage - INFO - Fetched all local vehicles.
2025-01-02 21:00:12,231 - local_storage - INFO - MongoDB is connected.
2025-01-02 21:00:12,231 - local_storage - INFO - Fetched all local vehicles.
2025-01-02 21:00:27,798 - local_storage - INFO - MongoDB is connected.
2025-01-02 21:00:27,799 - local_storage - INFO - Fetched all local vehicles.
2025-01-02 21:00:30,493 - local_storage - INFO - MongoDB is connected.
2025-01-02 21:00:30,493 - local_storage - INFO - Fetched all local vehicles.
2025-01-02 21:00:31,858 - local_storage - INFO - MongoDB is connected.
2025-01-02 21:00:31,860 - local_storage - INFO - Fetched all local vehicles.
2025-01-02 21:00:33,010 - local_storage - INFO - MongoDB is connected.
2025-01-02 21:00:33,011 - local_storage - INFO - Fetched all local vehicles.
2025-01-02 21:01:37,467 - local_storage - INFO - MongoDB is connected.
2025-01-02 21:01:37,468 - local_storage - INFO - Fetched all local vehicles.
2025-01-02 21:01:37,715 - local_storage - INFO - MongoDB is connected.
2025-01-02 21:01:37,717 - local_storage - INFO - Fetched all local vehicles.
2025-01-02 21:01:46,255 - local_storage - INFO - MongoDB is connected.
2025-01-02 21:01:46,256 - local_storage - INFO - Fetched all local vehicles.
2025-01-02 21:01:48,755 - local_storage - INFO - MongoDB is connected.
2025-01-02 21:01:48,756 - local_storage - INFO - Fetched all local vehicles.
2025-01-02 21:01:54,911 - local_storage - INFO - MongoDB is connected.
2025-01-02 21:01:54,912 - local_storage - INFO - Fetched all local vehicles.
2025-01-02 21:01:59,470 - local_storage - INFO - MongoDB is connected.
2025-01-02 21:01:59,472 - local_storage - INFO - Fetched all local vehicles.
2025-01-02 21:02:00,735 - local_storage - INFO - MongoDB is connected.
2025-01-02 21:02:00,736 - local_storage - INFO - Fetched all local vehicles.
2025-01-02 21:02:05,160 - local_storage - INFO - MongoDB is connected.
2025-01-02 21:02:05,161 - local_storage - INFO - Fetched all local vehicles.
2025-01-02 21:02:16,347 - local_storage - INFO - MongoDB is connected.
2025-01-02 21:02:16,348 - local_storage - INFO - Fetched all local vehicles.
2025-01-02 21:02:24,208 - local_storage - INFO - MongoDB is connected.
2025-01-02 21:02:24,209 - local_storage - INFO - Fetched all local vehicles.
2025-01-02 21:02:27,475 - local_storage - INFO - MongoDB is connected.
2025-01-02 21:02:27,476 - local_storage - INFO - Fetched all local vehicles.
2025-01-02 21:02:44,789 - local_storage - INFO - MongoDB is connected.
2025-01-02 21:02:44,790 - local_storage - INFO - Fetched all local vehicles.
2025-01-02 21:02:45,513 - __main__ - INFO - \u0110\u0103ng nh\u1eadp thành công.
2025-01-02 21:02:46,068 - local_storage - INFO - MongoDB is connected.
2025-01-02 21:02:46,069 - local_storage - INFO - Fetched all local vehicles.
2025-01-02 21:02:46,513 - local_storage - INFO - MongoDB is connected.
2025-01-02 21:02:46,515 - local_storage - INFO - Fetched all local vehicles.
2025-01-02 21:02:52,147 - local_storage - INFO - MongoDB is connected.
2025-01-02 21:02:52,148 - local_storage - INFO - Fetched all local vehicles.
2025-01-02 21:02:54,078 - local_storage - INFO - MongoDB is connected.
2025-01-02 21:02:54,079 - local_storage - INFO - Fetched all local vehicles.
2025-01-02 21:02:57,902 - local_storage - INFO - MongoDB is connected.
2025-01-02 21:02:57,903 - local_storage - INFO - Fetched all local vehicles.
2025-01-02 21:02:58,986 - local_storage - INFO - MongoDB is connected.
2025-01-02 21:02:58,987 - local_storage - INFO - Fetched all local vehicles.
2025-01-02 21:02:59,213 - local_storage - INFO - MongoDB is connected.
2025-01-02 21:02:59,213 - local_storage - INFO - Fetched all local vehicles.
2025-01-02 21:10:51,925 - local_storage - INFO - Database initialized successfully.
2025-01-02 21:10:56,797 - local_storage - INFO - MongoDB is connected.
2025-01-02 21:10:56,799 - local_storage - INFO - Fetched all local vehicles.
2025-01-02 21:10:57,543 - local_storage - INFO - MongoDB is connected.
2025-01-02 21:10:57,544 - local_storage - INFO - Fetched all local vehicles.
2025-01-02 21:14:38,663 - local_storage - INFO - Database initialized successfully.
2025-01-02 21:14:43,114 - local_storage - INFO - MongoDB is connected.
2025-01-02 21:14:43,117 - local_storage - INFO - Fetched all local vehicles.
2025-01-02 21:14:43,491 - local_storage - INFO - MongoDB is connected.
2025-01-02 21:14:43,491 - local_storage - INFO - Fetched all local vehicles.
2025-01-02 21:17:29,060 - local_storage - INFO - MongoDB is connected.
2025-01-02 21:17:29,060 - local_storage - INFO - Fetched all local vehicles.
2025-01-02 21:17:30,373 - local_storage - INFO - MongoDB is connected.
2025-01-02 21:17:30,373 - local_storage - INFO - Fetched all local vehicles.
